<?xml version="1.0" encoding="UTF-8" ?>
<testsuite tests="4" failures="0" name="com.mycompany.asconvertmvn.dal.CustomerDAOTest" time="1.423" errors="0" skipped="0">
  <properties>
[...]
</properties>
  <testcase classname="com.mycompany.asconvertmvn.dal.CustomerDAOTest" name="testGetCustomerById" time="1.341"/>
  <testcase classname="com.mycompany.asconvertmvn.dal.CustomerDAOTest" name="testInsertCustomers" time="0.032"/>
  <testcase classname="com.mycompany.asconvertmvn.dal.CustomerDAOTest" name="testUpdateCustomer" time="0.027"/>
  <testcase classname="com.mycompany.asconvertmvn.dal.CustomerDAOTest" name="testDeleteCustomer" time="0.023"/>
</testsuite>